<?xml version="1.0" encoding="UTF-8"?>
<!-- Generated by org.testng.reporters.JUnitReportReporter -->
<testsuite hostname="LAPTOP-DOBLN3AU" failures="0" tests="1" name="extentreportdemo.ExtentDemowithXML" time="0.589" errors="0" timestamp="2021-10-18T11:09:49 IST" skipped="0">
  <testcase classname="extentreportdemo.ExtentDemowithXML" name="extentTest" time="0.589"/>
  <system-out/>
</testsuite> <!-- extentreportdemo.ExtentDemowithXML -->
