<?xml version="1.0" encoding="UTF-8"?>
<!-- Generated by org.testng.reporters.JUnitReportReporter -->
<testsuite hostname="LAPTOP-DOBLN3AU" failures="0" tests="17" name="instructorScripts.Parameterjxl" time="7.025" errors="0" timestamp="2021-10-13T06:10:11 IST" skipped="0">
  <testcase classname="instructorScripts.Parameterjxl" name="wikipagedata" time="0.405"/>
  <system-out/>
  <testcase classname="instructorScripts.Parameterjxl" name="wikipagedata" time="0.388"/>
  <system-out/>
  <testcase classname="instructorScripts.Parameterjxl" name="wikipagedata" time="0.377"/>
  <system-out/>
  <testcase classname="instructorScripts.Parameterjxl" name="wikipagedata" time="0.433"/>
  <system-out/>
  <testcase classname="instructorScripts.Parameterjxl" name="wikipagedata" time="0.383"/>
  <system-out/>
  <testcase classname="instructorScripts.Parameterjxl" name="wikipagedata" time="0.422"/>
  <system-out/>
  <testcase classname="instructorScripts.Parameterjxl" name="wikipagedata" time="0.399"/>
  <system-out/>
  <testcase classname="instructorScripts.Parameterjxl" name="wikipagedata" time="0.376"/>
  <system-out/>
  <testcase classname="instructorScripts.Parameterjxl" name="wikipagedata" time="0.397"/>
  <system-out/>
  <testcase classname="instructorScripts.Parameterjxl" name="wikipagedata" time="0.374"/>
  <system-out/>
  <testcase classname="instructorScripts.Parameterjxl" name="wikipagedata" time="0.561"/>
  <system-out/>
  <testcase classname="instructorScripts.Parameterjxl" name="wikipagedata" time="0.392"/>
  <system-out/>
  <testcase classname="instructorScripts.Parameterjxl" name="wikipagedata" time="0.417"/>
  <system-out/>
  <testcase classname="instructorScripts.Parameterjxl" name="wikipagedata" time="0.492"/>
  <system-out/>
  <testcase classname="instructorScripts.Parameterjxl" name="wikipagedata" time="0.438"/>
  <system-out/>
  <testcase classname="instructorScripts.Parameterjxl" name="wikipagedata" time="0.387"/>
  <system-out/>
  <testcase classname="instructorScripts.Parameterjxl" name="wikipagedata" time="0.384"/>
  <system-out/>
</testsuite> <!-- instructorScripts.Parameterjxl -->
