<?xml version="1.0" encoding="UTF-8"?>
<!-- Generated by org.testng.reporters.JUnitReportReporter -->
<testsuite hostname="LAPTOP-DOBLN3AU" failures="0" tests="1" name="extentreportdemo.Screenshot" time="6.522" errors="0" timestamp="2021-10-18T13:23:25 IST" skipped="0">
  <testcase classname="extentreportdemo.Screenshot" name="takescreenshot" time="6.522"/>
  <system-out/>
</testsuite> <!-- extentreportdemo.Screenshot -->
