<?xml version="1.0" encoding="UTF-8"?>
<!-- Generated by org.testng.reporters.JUnitReportReporter -->
<testsuite hostname="LAPTOP-DOBLN3AU" failures="0" tests="1" name="propertydemo.UsePropertyDemo" time="6.803" errors="0" timestamp="2021-10-14T12:28:27 IST" skipped="0">
  <testcase classname="propertydemo.UsePropertyDemo" name="method1" time="6.803"/>
  <system-out/>
</testsuite> <!-- propertydemo.UsePropertyDemo -->
