<?xml version="1.0" encoding="UTF-8"?>
<!-- Generated by org.testng.reporters.JUnitReportReporter -->
<testsuite hostname="LAPTOP-DOBLN3AU" failures="0" tests="16" name="dataDrivenTesting.DataProviderDemo" time="78.393" errors="0" timestamp="2021-10-13T15:14:11 IST" skipped="0">
  <testcase classname="dataDrivenTesting.DataProviderDemo" name="createaccountTest" time="4.676"/>
  <system-out/>
  <testcase classname="dataDrivenTesting.DataProviderDemo" name="createaccountTest" time="4.931"/>
  <system-out/>
  <testcase classname="dataDrivenTesting.DataProviderDemo" name="createaccountTest" time="4.798"/>
  <system-out/>
  <testcase classname="dataDrivenTesting.DataProviderDemo" name="createaccountTest" time="9.009"/>
  <system-out/>
  <testcase classname="dataDrivenTesting.DataProviderDemo" name="createaccountTest" time="4.461"/>
  <system-out/>
  <testcase classname="dataDrivenTesting.DataProviderDemo" name="createaccountTest" time="4.657"/>
  <system-out/>
  <testcase classname="dataDrivenTesting.DataProviderDemo" name="createaccountTest" time="4.756"/>
  <system-out/>
  <testcase classname="dataDrivenTesting.DataProviderDemo" name="createaccountTest" time="4.619"/>
  <system-out/>
  <testcase classname="dataDrivenTesting.DataProviderDemo" name="createaccountTest" time="4.493"/>
  <system-out/>
  <testcase classname="dataDrivenTesting.DataProviderDemo" name="createaccountTest" time="4.468"/>
  <system-out/>
  <testcase classname="dataDrivenTesting.DataProviderDemo" name="createaccountTest" time="5.000"/>
  <system-out/>
  <testcase classname="dataDrivenTesting.DataProviderDemo" name="createaccountTest" time="4.158"/>
  <system-out/>
  <testcase classname="dataDrivenTesting.DataProviderDemo" name="createaccountTest" time="4.610"/>
  <system-out/>
  <testcase classname="dataDrivenTesting.DataProviderDemo" name="createaccountTest" time="4.482"/>
  <system-out/>
  <testcase classname="dataDrivenTesting.DataProviderDemo" name="createaccountTest" time="4.674"/>
  <system-out/>
  <testcase classname="dataDrivenTesting.DataProviderDemo" name="createaccountTest" time="4.601"/>
  <system-out/>
</testsuite> <!-- dataDrivenTesting.DataProviderDemo -->
