<?xml version="1.0" encoding="UTF-8"?>
<!-- Generated by org.testng.reporters.JUnitReportReporter -->
<testsuite hostname="LAPTOP-DOBLN3AU" failures="0" tests="4" name="scriptsWikiPage.WikiPageAnnotations" time="6.901" errors="0" timestamp="2021-10-13T10:20:24 IST" skipped="0">
  <testcase classname="scriptsWikiPage.WikiPageAnnotations" name="EnterInputTest" time="4.859"/>
  <system-out/>
  <testcase classname="scriptsWikiPage.WikiPageAnnotations" name="SearchPageTest" time="0.857"/>
  <system-out/>
  <testcase classname="scriptsWikiPage.WikiPageAnnotations" name="MainPageTest" time="1.024"/>
  <system-out/>
  <testcase classname="scriptsWikiPage.WikiPageAnnotations" name="LoginTest" time="0.161"/>
  <system-out/>
</testsuite> <!-- scriptsWikiPage.WikiPageAnnotations -->
