<?xml version="1.0" encoding="UTF-8"?>
<!-- Generated by org.testng.reporters.JUnitReportReporter -->
<testsuite hostname="LAPTOP-DOBLN3AU" failures="0" tests="1" name="instructorScripts.WriteExcelWeb" time="5.613" errors="0" timestamp="2021-10-13T05:57:45 IST" skipped="0">
  <testcase classname="instructorScripts.WriteExcelWeb" name="WriteExcel" time="5.613"/>
  <system-out/>
</testsuite> <!-- instructorScripts.WriteExcelWeb -->
