<?xml version="1.0" encoding="UTF-8"?>
<!-- Generated by org.testng.reporters.JUnitReportReporter -->
<testsuite hostname="LAPTOP-DOBLN3AU" failures="0" tests="3" name="testNGScripts.ParameterXML" time="14.426" errors="0" timestamp="2021-10-13T11:21:09 IST" skipped="0">
  <testcase classname="testNGScripts.ParameterXML" name="EnterInputTest" time="4.996"/>
  <system-out/>
  <testcase classname="testNGScripts.ParameterXML" name="EnterInputTest" time="4.479"/>
  <system-out/>
  <testcase classname="testNGScripts.ParameterXML" name="EnterInputTest" time="4.951"/>
  <system-out/>
</testsuite> <!-- testNGScripts.ParameterXML -->
