<?xml version="1.0" encoding="UTF-8"?>
<!-- Generated by org.testng.reporters.JUnitReportReporter -->
<testsuite hostname="LAPTOP-DOBLN3AU" failures="0" tests="4" name="testNGScripts.WikiPageAnnotations" time="6.604" errors="0" timestamp="2021-10-13T10:16:30 IST" skipped="0">
  <testcase classname="testNGScripts.WikiPageAnnotations" name="EnterInputTest" time="4.583"/>
  <system-out/>
  <testcase classname="testNGScripts.WikiPageAnnotations" name="SearchPageTest" time="0.863"/>
  <system-out/>
  <testcase classname="testNGScripts.WikiPageAnnotations" name="MainPageTest" time="0.969"/>
  <system-out/>
  <testcase classname="testNGScripts.WikiPageAnnotations" name="LoginTest" time="0.189"/>
  <system-out/>
</testsuite> <!-- testNGScripts.WikiPageAnnotations -->
