<?xml version="1.0" encoding="UTF-8"?>
<!-- Generated by org.testng.reporters.JUnitReportReporter -->
<testsuite hostname="LAPTOP-DOBLN3AU" failures="0" tests="2" name="crossBrowser.CrossbrowserDemo" time="11.542" errors="0" timestamp="2021-10-13T12:26:17 IST" skipped="0">
  <testcase classname="crossBrowser.CrossbrowserDemo" name="dragandDropTest" time="7.689"/>
  <system-out/>
  <testcase classname="crossBrowser.CrossbrowserDemo" name="dragandDropTest" time="3.853"/>
  <system-out/>
</testsuite> <!-- crossBrowser.CrossbrowserDemo -->
