<?xml version="1.0" encoding="UTF-8"?>
<!-- Generated by org.testng.reporters.JUnitReportReporter -->
<testsuite hostname="LAPTOP-DOBLN3AU" failures="0" tests="1" name="testNGScripts.WikiPage" time="10.758" errors="0" timestamp="2021-10-13T09:36:01 IST" skipped="0">
  <testcase classname="testNGScripts.WikiPage" name="wikiTest" time="10.758"/>
  <system-out/>
</testsuite> <!-- testNGScripts.WikiPage -->
