<?xml version="1.0" encoding="UTF-8"?>
<!-- Generated by org.testng.reporters.JUnitReportReporter -->
<testsuite hostname="LAPTOP-DOBLN3AU" failures="0" tests="1" name="extentreportdemo.Extentreportdemo" time="0.643" errors="0" timestamp="2021-10-18T10:56:18 IST" skipped="0">
  <testcase classname="extentreportdemo.Extentreportdemo" name="extentTest" time="0.643"/>
  <system-out/>
</testsuite> <!-- extentreportdemo.Extentreportdemo -->
