<?xml version="1.0" encoding="UTF-8"?>
<!-- Generated by org.testng.reporters.JUnitReportReporter -->
<testsuite hostname="LAPTOP-DOBLN3AU" failures="0" tests="16" name="instructorScripts.ParameterApachePOI" time="7.094" errors="0" timestamp="2021-10-13T06:03:38 IST" skipped="0">
  <testcase classname="instructorScripts.ParameterApachePOI" name="wikipagedata" time="0.412"/>
  <system-out/>
  <testcase classname="instructorScripts.ParameterApachePOI" name="wikipagedata" time="0.600"/>
  <system-out/>
  <testcase classname="instructorScripts.ParameterApachePOI" name="wikipagedata" time="0.431"/>
  <system-out/>
  <testcase classname="instructorScripts.ParameterApachePOI" name="wikipagedata" time="0.416"/>
  <system-out/>
  <testcase classname="instructorScripts.ParameterApachePOI" name="wikipagedata" time="0.401"/>
  <system-out/>
  <testcase classname="instructorScripts.ParameterApachePOI" name="wikipagedata" time="0.401"/>
  <system-out/>
  <testcase classname="instructorScripts.ParameterApachePOI" name="wikipagedata" time="0.415"/>
  <system-out/>
  <testcase classname="instructorScripts.ParameterApachePOI" name="wikipagedata" time="0.524"/>
  <system-out/>
  <testcase classname="instructorScripts.ParameterApachePOI" name="wikipagedata" time="0.419"/>
  <system-out/>
  <testcase classname="instructorScripts.ParameterApachePOI" name="wikipagedata" time="0.402"/>
  <system-out/>
  <testcase classname="instructorScripts.ParameterApachePOI" name="wikipagedata" time="0.413"/>
  <system-out/>
  <testcase classname="instructorScripts.ParameterApachePOI" name="wikipagedata" time="0.587"/>
  <system-out/>
  <testcase classname="instructorScripts.ParameterApachePOI" name="wikipagedata" time="0.403"/>
  <system-out/>
  <testcase classname="instructorScripts.ParameterApachePOI" name="wikipagedata" time="0.432"/>
  <system-out/>
  <testcase classname="instructorScripts.ParameterApachePOI" name="wikipagedata" time="0.399"/>
  <system-out/>
  <testcase classname="instructorScripts.ParameterApachePOI" name="wikipagedata" time="0.439"/>
  <system-out/>
</testsuite> <!-- instructorScripts.ParameterApachePOI -->
