<?xml version="1.0" encoding="UTF-8"?>
<!-- Generated by org.testng.reporters.JUnitReportReporter -->
<testsuite hostname="LAPTOP-DOBLN3AU" failures="0" tests="1" name="paralleltests.WikiPageHome" time="3.135" errors="0" timestamp="2021-10-13T11:57:19 IST" skipped="0">
  <testcase classname="paralleltests.WikiPageHome" name="EnterInputTest" time="3.135"/>
  <system-out/>
</testsuite> <!-- paralleltests.WikiPageHome -->
