<?xml version="1.0" encoding="UTF-8"?>
<!-- Generated by org.testng.reporters.JUnitReportReporter -->
<testsuite hostname="LAPTOP-DOBLN3AU" failures="0" tests="1" name="dataDrivenTesting.WriteExcel" time="5.686" errors="0" timestamp="2021-10-13T14:45:11 IST" skipped="0">
  <testcase classname="dataDrivenTesting.WriteExcel" name="WriteToExcel" time="5.686"/>
  <system-out/>
</testsuite> <!-- dataDrivenTesting.WriteExcel -->
