<?xml version="1.0" encoding="UTF-8"?>
<!-- Generated by org.testng.reporters.JUnitReportReporter -->
<testsuite hostname="LAPTOP-DOBLN3AU" failures="0" tests="4" name="paralleltests.WikiSearchPage" time="16.630" errors="0" timestamp="2021-10-13T11:59:14 IST" skipped="0">
  <testcase classname="paralleltests.WikiSearchPage" name="EnterInputTest" time="6.036"/>
  <system-out/>
  <testcase classname="paralleltests.WikiSearchPage" name="EnterInputTest" time="5.405"/>
  <system-out/>
  <testcase classname="paralleltests.WikiSearchPage" name="SearchPageTest" time="2.390"/>
  <system-out/>
  <testcase classname="paralleltests.WikiSearchPage" name="SearchPageTest" time="2.799"/>
  <system-out/>
</testsuite> <!-- paralleltests.WikiSearchPage -->
