<?xml version="1.0" encoding="UTF-8"?>
<!-- Generated by org.testng.reporters.JUnitReportReporter -->
<testsuite hostname="LAPTOP-DOBLN3AU" failures="0" tests="1" name="testNGScripts.ParameterXML" time="4.674" errors="0" timestamp="2021-10-13T11:00:31 IST" skipped="0">
  <testcase classname="testNGScripts.ParameterXML" name="EnterInputTest" time="4.674"/>
  <system-out/>
</testsuite> <!-- testNGScripts.ParameterXML -->
