<?xml version="1.0" encoding="UTF-8"?>
<!-- Generated by org.testng.reporters.JUnitReportReporter -->
<testsuite hostname="LAPTOP-DOBLN3AU" failures="0" tests="5" name="testNGScripts.TestGroupsDemo" time="0.012" errors="0" timestamp="2021-10-13T10:35:05 IST" skipped="0">
  <testcase classname="testNGScripts.TestGroupsDemo" name="ComposeEmail" time="0.007"/>
  <system-out/>
  <testcase classname="testNGScripts.TestGroupsDemo" name="SubjectEmail" time="0.001"/>
  <system-out/>
  <testcase classname="testNGScripts.TestGroupsDemo" name="SendButtonEmail" time="0.001"/>
  <system-out/>
  <testcase classname="testNGScripts.TestGroupsDemo" name="searchEmailAgain" time="0.001"/>
  <system-out/>
  <testcase classname="testNGScripts.TestGroupsDemo" name="trashEmail" time="0.002"/>
  <system-out/>
</testsuite> <!-- testNGScripts.TestGroupsDemo -->
