<?xml version="1.0" encoding="UTF-8"?>
<!-- Generated by org.testng.reporters.JUnitReportReporter -->
<testsuite hostname="LAPTOP-DOBLN3AU" failures="0" tests="1" name="testNGScripts.UploadFile" time="9.771" errors="0" timestamp="2021-10-13T15:57:10 IST" skipped="0">
  <testcase classname="testNGScripts.UploadFile" name="uploadfileDemo" time="9.771"/>
  <system-out/>
</testsuite> <!-- testNGScripts.UploadFile -->
