<?xml version="1.0" encoding="UTF-8"?>
<!-- Generated by org.testng.reporters.JUnitReportReporter -->
<testsuite hostname="LAPTOP-DOBLN3AU" failures="0" tests="2" name="scriptsWikiPage.Annotation3" time="0.008" errors="0" timestamp="2021-10-13T10:20:24 IST" skipped="0">
  <testcase classname="scriptsWikiPage.Annotation3" name="testcase1" time="0.004"/>
  <system-out/>
  <testcase classname="scriptsWikiPage.Annotation3" name="Testcase2" time="0.004"/>
  <system-out/>
</testsuite> <!-- scriptsWikiPage.Annotation3 -->
