<?xml version="1.0" encoding="UTF-8"?>
<!-- Generated by org.testng.reporters.JUnitReportReporter -->
<testsuite hostname="LAPTOP-DOBLN3AU" failures="0" tests="2" name="testNGScripts.Annotation3" time="0.019" errors="0" timestamp="2021-10-13T10:16:30 IST" skipped="0">
  <testcase classname="testNGScripts.Annotation3" name="testcase1" time="0.002"/>
  <system-out/>
  <testcase classname="testNGScripts.Annotation3" name="Testcase2" time="0.017"/>
  <system-out/>
</testsuite> <!-- testNGScripts.Annotation3 -->
