<?xml version="1.0" encoding="UTF-8"?>
<!-- Generated by org.testng.reporters.JUnitReportReporter -->
<testsuite hostname="LAPTOP-DOBLN3AU" failures="0" tests="1" name="dataDrivenTesting.ReadandWriteExcel" time="19.093" errors="0" timestamp="2021-10-13T14:34:17 IST" skipped="0">
  <testcase classname="dataDrivenTesting.ReadandWriteExcel" name="createaccountTest" time="19.093"/>
  <system-out/>
</testsuite> <!-- dataDrivenTesting.ReadandWriteExcel -->
